── Attaching packages ─────────────────────────────────────── tidyverse 1.3.0 ──
✔ ggplot2 3.3.3     ✔ purrr   0.3.4
✔ tibble  3.0.5     ✔ dplyr   1.0.3
✔ tidyr   1.1.2     ✔ stringr 1.4.0
✔ readr   1.4.0     ✔ forcats 0.5.0
── Conflicts ────────────────────────────────────────── tidyverse_conflicts() ──
✖ dplyr::filter() masks stats::filter()
✖ dplyr::lag()    masks stats::lag()
here() starts at /slade/home/rc538/Git/CPRD-analysis-package
Initialising... using config: ~/.aurum.full-load.yaml; option:dev
Error in loadNamespace(j <- i[[1L]], c(lib.loc, .libPaths()), versionCheck = vI[[j]]) : 
  namespace ‘memoise’ 1.1.0 is being loaded, but >= 2.0.0 is required
Calls: :: ... namespaceImportFrom -> asNamespace -> loadNamespace
Execution halted
── Attaching packages ─────────────────────────────────────── tidyverse 1.3.0 ──
✔ ggplot2 3.3.3     ✔ purrr   0.3.4
✔ tibble  3.0.5     ✔ dplyr   1.0.3
✔ tidyr   1.1.2     ✔ stringr 1.4.0
✔ readr   1.4.0     ✔ forcats 0.5.0
── Conflicts ────────────────────────────────────────── tidyverse_conflicts() ──
✖ dplyr::filter() masks stats::filter()
✖ dplyr::lag()    masks stats::lag()
here() starts at /slade/home/rc538/Git/aurum
Initialising... using config: ~/.aurum.load.yaml; option:prod
Error in yaml.load(readLines(con), error.label = error.label, ...) : 
  (/slade/home/rc538/.aurum.load.yaml) Duplicate map key: 'SESSION myisam_sort_buffer_size'
Calls: <Anonymous> -> <Anonymous> -> yaml.load
Execution halted
── Attaching packages ─────────────────────────────────────── tidyverse 1.3.0 ──
✔ ggplot2 3.3.3     ✔ purrr   0.3.4
✔ tibble  3.0.5     ✔ dplyr   1.0.3
✔ tidyr   1.1.2     ✔ stringr 1.4.0
✔ readr   1.4.0     ✔ forcats 0.5.0
── Conflicts ────────────────────────────────────────── tidyverse_conflicts() ──
✖ dplyr::filter() masks stats::filter()
✖ dplyr::lag()    masks stats::lag()
here() starts at /slade/home/rc538/Git/CPRD-analysis-package
Initialising... using config: ~/.aurum.load.yaml; option:prod
Error in yaml.load(readLines(con), error.label = error.label, ...) : 
  (/slade/home/rc538/.aurum.load.yaml) Duplicate map key: 'SESSION myisam_sort_buffer_size'
Calls: <Anonymous> -> <Anonymous> -> yaml.load
Execution halted
